Flow report for Cache
Tue Dec 15 22:55:45 2015
Quartus II Version 9.1 Build 222 10/21/2009 SJ Web Edition


---------------------
; Table of Contents ;
---------------------
  1. Legal Notice
  2. Flow Summary
  3. Flow Settings
  4. Flow Non-Default Global Settings
  5. Flow Elapsed Time
  6. Flow OS Summary
  7. Flow Log



----------------
; Legal Notice ;
----------------
Copyright (C) 1991-2009 Altera Corporation
Your use of Altera Corporation's design tools, logic functions 
and other software and tools, and its AMPP partner logic 
functions, and any output files from any of the foregoing 
(including device programming or simulation files), and any 
associated documentation or information are expressly subject 
to the terms and conditions of the Altera Program License 
Subscription Agreement, Altera MegaCore Function License 
Agreement, or other applicable license agreement, including, 
without limitation, that your use is for the sole purpose of 
programming logic devices manufactured by Altera and sold by 
Altera or its authorized distributors.  Please refer to the 
applicable agreement for further details.



+-------------------------------------------------------------------------+
; Flow Summary                                                            ;
+-------------------------------+-----------------------------------------+
; Flow Status                   ; Successful - Tue Dec 15 22:55:45 2015   ;
; Quartus II Version            ; 9.1 Build 222 10/21/2009 SJ Web Edition ;
; Revision Name                 ; Cache                                   ;
; Top-level Entity Name         ; Cache                                   ;
; Family                        ; Stratix II                              ;
; Met timing requirements       ; No                                      ;
; Logic utilization             ; 3 %                                     ;
;     Combinational ALUTs       ; 209 / 12,480 ( 2 % )                    ;
;     Dedicated logic registers ; 254 / 12,480 ( 2 % )                    ;
; Total registers               ; 254                                     ;
; Total pins                    ; 282 / 343 ( 82 % )                      ;
; Total virtual pins            ; 0                                       ;
; Total block memory bits       ; 3,072 / 419,328 ( < 1 % )               ;
; DSP block 9-bit elements      ; 0 / 96 ( 0 % )                          ;
; Total PLLs                    ; 0 / 6 ( 0 % )                           ;
; Total DLLs                    ; 0 / 2 ( 0 % )                           ;
; Device                        ; EP2S15F484C3                            ;
; Timing Models                 ; Final                                   ;
+-------------------------------+-----------------------------------------+


+-----------------------------------------+
; Flow Settings                           ;
+-------------------+---------------------+
; Option            ; Setting             ;
+-------------------+---------------------+
; Start date & time ; 12/15/2015 22:55:25 ;
; Main task         ; Compilation         ;
; Revision Name     ; Cache               ;
+-------------------+---------------------+


+----------------------------------------------------------------------------------------------------------------+
; Flow Non-Default Global Settings                                                                               ;
+------------------------------------+----------------------------+---------------+-------------+----------------+
; Assignment Name                    ; Value                      ; Default Value ; Entity Name ; Section Id     ;
+------------------------------------+----------------------------+---------------+-------------+----------------+
; COMPILER_SIGNATURE_ID              ; 2332075880.145020572502472 ; --            ; --          ; --             ;
; IP_TOOL_NAME                       ; LPM_FF                     ; --            ; --          ; --             ;
; IP_TOOL_NAME                       ; LPM_BUSTRI                 ; --            ; --          ; --             ;
; IP_TOOL_NAME                       ; LPM_BUSTRI                 ; --            ; --          ; --             ;
; IP_TOOL_NAME                       ; LPM_COUNTER                ; --            ; --          ; --             ;
; IP_TOOL_NAME                       ; LPM_DECODE                 ; --            ; --          ; --             ;
; IP_TOOL_NAME                       ; LPM_AND                    ; --            ; --          ; --             ;
; IP_TOOL_NAME                       ; LPM_AND                    ; --            ; --          ; --             ;
; IP_TOOL_NAME                       ; LPM_OR                     ; --            ; --          ; --             ;
; IP_TOOL_NAME                       ; LPM_COUNTER                ; --            ; --          ; --             ;
; IP_TOOL_NAME                       ; LPM_COMPARE                ; --            ; --          ; --             ;
; IP_TOOL_NAME                       ; LPM_COMPARE                ; --            ; --          ; --             ;
; IP_TOOL_NAME                       ; LPM_CONSTANT               ; --            ; --          ; --             ;
; IP_TOOL_NAME                       ; LPM_CONSTANT               ; --            ; --          ; --             ;
; IP_TOOL_NAME                       ; LPM_MUX                    ; --            ; --          ; --             ;
; IP_TOOL_NAME                       ; LPM_COUNTER                ; --            ; --          ; --             ;
; IP_TOOL_NAME                       ; LPM_DECODE                 ; --            ; --          ; --             ;
; IP_TOOL_NAME                       ; LPM_COUNTER                ; --            ; --          ; --             ;
; IP_TOOL_NAME                       ; LPM_COUNTER                ; --            ; --          ; --             ;
; IP_TOOL_NAME                       ; LPM_DECODE                 ; --            ; --          ; --             ;
; IP_TOOL_NAME                       ; LPM_MUX                    ; --            ; --          ; --             ;
; IP_TOOL_NAME                       ; LPM_BUSTRI                 ; --            ; --          ; --             ;
; IP_TOOL_NAME                       ; LPM_COMPARE                ; --            ; --          ; --             ;
; IP_TOOL_NAME                       ; LPM_CONSTANT               ; --            ; --          ; --             ;
; IP_TOOL_NAME                       ; LPM_CONSTANT               ; --            ; --          ; --             ;
; IP_TOOL_NAME                       ; LPM_CONSTANT               ; --            ; --          ; --             ;
; IP_TOOL_NAME                       ; LPM_AND                    ; --            ; --          ; --             ;
; IP_TOOL_NAME                       ; LPM_MUX                    ; --            ; --          ; --             ;
; IP_TOOL_NAME                       ; LPM_CONSTANT               ; --            ; --          ; --             ;
; IP_TOOL_NAME                       ; LPM_FF                     ; --            ; --          ; --             ;
; IP_TOOL_NAME                       ; LPM_COUNTER                ; --            ; --          ; --             ;
; IP_TOOL_NAME                       ; LPM_XOR                    ; --            ; --          ; --             ;
; IP_TOOL_NAME                       ; LPM_COUNTER                ; --            ; --          ; --             ;
; IP_TOOL_VERSION                    ; 9.1                        ; --            ; --          ; --             ;
; IP_TOOL_VERSION                    ; 9.1                        ; --            ; --          ; --             ;
; IP_TOOL_VERSION                    ; 9.1                        ; --            ; --          ; --             ;
; IP_TOOL_VERSION                    ; 9.1                        ; --            ; --          ; --             ;
; IP_TOOL_VERSION                    ; 9.1                        ; --            ; --          ; --             ;
; IP_TOOL_VERSION                    ; 9.1                        ; --            ; --          ; --             ;
; IP_TOOL_VERSION                    ; 9.1                        ; --            ; --          ; --             ;
; IP_TOOL_VERSION                    ; 9.1                        ; --            ; --          ; --             ;
; IP_TOOL_VERSION                    ; 9.1                        ; --            ; --          ; --             ;
; IP_TOOL_VERSION                    ; 9.1                        ; --            ; --          ; --             ;
; IP_TOOL_VERSION                    ; 9.1                        ; --            ; --          ; --             ;
; IP_TOOL_VERSION                    ; 9.1                        ; --            ; --          ; --             ;
; IP_TOOL_VERSION                    ; 9.1                        ; --            ; --          ; --             ;
; IP_TOOL_VERSION                    ; 9.1                        ; --            ; --          ; --             ;
; IP_TOOL_VERSION                    ; 9.1                        ; --            ; --          ; --             ;
; IP_TOOL_VERSION                    ; 9.1                        ; --            ; --          ; --             ;
; IP_TOOL_VERSION                    ; 9.1                        ; --            ; --          ; --             ;
; IP_TOOL_VERSION                    ; 9.1                        ; --            ; --          ; --             ;
; IP_TOOL_VERSION                    ; 9.1                        ; --            ; --          ; --             ;
; IP_TOOL_VERSION                    ; 9.1                        ; --            ; --          ; --             ;
; IP_TOOL_VERSION                    ; 9.1                        ; --            ; --          ; --             ;
; IP_TOOL_VERSION                    ; 9.1                        ; --            ; --          ; --             ;
; IP_TOOL_VERSION                    ; 9.1                        ; --            ; --          ; --             ;
; IP_TOOL_VERSION                    ; 9.1                        ; --            ; --          ; --             ;
; IP_TOOL_VERSION                    ; 9.1                        ; --            ; --          ; --             ;
; IP_TOOL_VERSION                    ; 9.1                        ; --            ; --          ; --             ;
; IP_TOOL_VERSION                    ; 9.1                        ; --            ; --          ; --             ;
; IP_TOOL_VERSION                    ; 9.1                        ; --            ; --          ; --             ;
; IP_TOOL_VERSION                    ; 9.1                        ; --            ; --          ; --             ;
; IP_TOOL_VERSION                    ; 9.1                        ; --            ; --          ; --             ;
; IP_TOOL_VERSION                    ; 9.1                        ; --            ; --          ; --             ;
; IP_TOOL_VERSION                    ; 9.1                        ; --            ; --          ; --             ;
; MISC_FILE                          ; lpm_dff0.tdf               ; --            ; --          ; --             ;
; MISC_FILE                          ; lpm_dff0.bsf               ; --            ; --          ; --             ;
; MISC_FILE                          ; lpm_dff0.inc               ; --            ; --          ; --             ;
; MISC_FILE                          ; lpm_bustri0.tdf            ; --            ; --          ; --             ;
; MISC_FILE                          ; lpm_bustri0.bsf            ; --            ; --          ; --             ;
; MISC_FILE                          ; lpm_bustri0.inc            ; --            ; --          ; --             ;
; MISC_FILE                          ; lpm_bustri1.tdf            ; --            ; --          ; --             ;
; MISC_FILE                          ; lpm_bustri1.bsf            ; --            ; --          ; --             ;
; MISC_FILE                          ; lpm_bustri1.inc            ; --            ; --          ; --             ;
; MISC_FILE                          ; lpm_counter0.tdf           ; --            ; --          ; --             ;
; MISC_FILE                          ; lpm_counter0.bsf           ; --            ; --          ; --             ;
; MISC_FILE                          ; lpm_counter0.inc           ; --            ; --          ; --             ;
; MISC_FILE                          ; lpm_decode0.tdf            ; --            ; --          ; --             ;
; MISC_FILE                          ; lpm_decode0.bsf            ; --            ; --          ; --             ;
; MISC_FILE                          ; lpm_decode0.inc            ; --            ; --          ; --             ;
; MISC_FILE                          ; lpm_and0.tdf               ; --            ; --          ; --             ;
; MISC_FILE                          ; lpm_and0.bsf               ; --            ; --          ; --             ;
; MISC_FILE                          ; lpm_and0.inc               ; --            ; --          ; --             ;
; MISC_FILE                          ; lpm_and1.tdf               ; --            ; --          ; --             ;
; MISC_FILE                          ; lpm_and1.bsf               ; --            ; --          ; --             ;
; MISC_FILE                          ; lpm_and1.inc               ; --            ; --          ; --             ;
; MISC_FILE                          ; lpm_or0.tdf                ; --            ; --          ; --             ;
; MISC_FILE                          ; lpm_or0.bsf                ; --            ; --          ; --             ;
; MISC_FILE                          ; lpm_or0.inc                ; --            ; --          ; --             ;
; MISC_FILE                          ; lpm_counter1.tdf           ; --            ; --          ; --             ;
; MISC_FILE                          ; lpm_counter1.bsf           ; --            ; --          ; --             ;
; MISC_FILE                          ; lpm_counter1.inc           ; --            ; --          ; --             ;
; MISC_FILE                          ; lpm_compare0.tdf           ; --            ; --          ; --             ;
; MISC_FILE                          ; lpm_compare0.bsf           ; --            ; --          ; --             ;
; MISC_FILE                          ; lpm_compare0.inc           ; --            ; --          ; --             ;
; MISC_FILE                          ; lpm_compare1.tdf           ; --            ; --          ; --             ;
; MISC_FILE                          ; lpm_compare1.bsf           ; --            ; --          ; --             ;
; MISC_FILE                          ; lpm_compare1.inc           ; --            ; --          ; --             ;
; MISC_FILE                          ; lpm_constant0.tdf          ; --            ; --          ; --             ;
; MISC_FILE                          ; lpm_constant0.bsf          ; --            ; --          ; --             ;
; MISC_FILE                          ; lpm_constant0.inc          ; --            ; --          ; --             ;
; MISC_FILE                          ; lpm_constant1.tdf          ; --            ; --          ; --             ;
; MISC_FILE                          ; lpm_constant1.bsf          ; --            ; --          ; --             ;
; MISC_FILE                          ; lpm_constant1.inc          ; --            ; --          ; --             ;
; MISC_FILE                          ; lpm_mux0.tdf               ; --            ; --          ; --             ;
; MISC_FILE                          ; lpm_mux0.bsf               ; --            ; --          ; --             ;
; MISC_FILE                          ; lpm_mux0.inc               ; --            ; --          ; --             ;
; MISC_FILE                          ; lpm_counter3.tdf           ; --            ; --          ; --             ;
; MISC_FILE                          ; lpm_counter3.bsf           ; --            ; --          ; --             ;
; MISC_FILE                          ; lpm_counter3.inc           ; --            ; --          ; --             ;
; MISC_FILE                          ; lpm_decode1.tdf            ; --            ; --          ; --             ;
; MISC_FILE                          ; lpm_decode1.bsf            ; --            ; --          ; --             ;
; MISC_FILE                          ; lpm_decode1.inc            ; --            ; --          ; --             ;
; MISC_FILE                          ; lpm_counter4.tdf           ; --            ; --          ; --             ;
; MISC_FILE                          ; lpm_counter4.bsf           ; --            ; --          ; --             ;
; MISC_FILE                          ; lpm_counter4.inc           ; --            ; --          ; --             ;
; MISC_FILE                          ; lpm_counter5.tdf           ; --            ; --          ; --             ;
; MISC_FILE                          ; lpm_counter5.bsf           ; --            ; --          ; --             ;
; MISC_FILE                          ; lpm_counter5.inc           ; --            ; --          ; --             ;
; MISC_FILE                          ; lpm_decode2.tdf            ; --            ; --          ; --             ;
; MISC_FILE                          ; lpm_decode2.bsf            ; --            ; --          ; --             ;
; MISC_FILE                          ; lpm_decode2.inc            ; --            ; --          ; --             ;
; MISC_FILE                          ; lpm_mux2.tdf               ; --            ; --          ; --             ;
; MISC_FILE                          ; lpm_mux2.bsf               ; --            ; --          ; --             ;
; MISC_FILE                          ; lpm_mux2.inc               ; --            ; --          ; --             ;
; MISC_FILE                          ; lpm_bustri2.tdf            ; --            ; --          ; --             ;
; MISC_FILE                          ; lpm_bustri2.bsf            ; --            ; --          ; --             ;
; MISC_FILE                          ; lpm_bustri2.inc            ; --            ; --          ; --             ;
; MISC_FILE                          ; lpm_compare2.tdf           ; --            ; --          ; --             ;
; MISC_FILE                          ; lpm_compare2.bsf           ; --            ; --          ; --             ;
; MISC_FILE                          ; lpm_compare2.inc           ; --            ; --          ; --             ;
; MISC_FILE                          ; lpm_constant2.tdf          ; --            ; --          ; --             ;
; MISC_FILE                          ; lpm_constant2.bsf          ; --            ; --          ; --             ;
; MISC_FILE                          ; lpm_constant2.inc          ; --            ; --          ; --             ;
; MISC_FILE                          ; lpm_constant3.tdf          ; --            ; --          ; --             ;
; MISC_FILE                          ; lpm_constant3.bsf          ; --            ; --          ; --             ;
; MISC_FILE                          ; lpm_constant3.inc          ; --            ; --          ; --             ;
; MISC_FILE                          ; lpm_constant4.tdf          ; --            ; --          ; --             ;
; MISC_FILE                          ; lpm_constant4.bsf          ; --            ; --          ; --             ;
; MISC_FILE                          ; lpm_constant4.inc          ; --            ; --          ; --             ;
; MISC_FILE                          ; lpm_and2.tdf               ; --            ; --          ; --             ;
; MISC_FILE                          ; lpm_and2.bsf               ; --            ; --          ; --             ;
; MISC_FILE                          ; lpm_and2.inc               ; --            ; --          ; --             ;
; MISC_FILE                          ; lpm_mux3.tdf               ; --            ; --          ; --             ;
; MISC_FILE                          ; lpm_mux3.bsf               ; --            ; --          ; --             ;
; MISC_FILE                          ; lpm_mux3.inc               ; --            ; --          ; --             ;
; MISC_FILE                          ; lpm_constant5.tdf          ; --            ; --          ; --             ;
; MISC_FILE                          ; lpm_constant5.bsf          ; --            ; --          ; --             ;
; MISC_FILE                          ; lpm_constant5.inc          ; --            ; --          ; --             ;
; MISC_FILE                          ; lpm_dff1.tdf               ; --            ; --          ; --             ;
; MISC_FILE                          ; lpm_dff1.bsf               ; --            ; --          ; --             ;
; MISC_FILE                          ; lpm_dff1.inc               ; --            ; --          ; --             ;
; MISC_FILE                          ; lpm_counter6.tdf           ; --            ; --          ; --             ;
; MISC_FILE                          ; lpm_counter6.bsf           ; --            ; --          ; --             ;
; MISC_FILE                          ; lpm_counter6.inc           ; --            ; --          ; --             ;
; MISC_FILE                          ; lpm_xor0.tdf               ; --            ; --          ; --             ;
; MISC_FILE                          ; lpm_xor0.bsf               ; --            ; --          ; --             ;
; MISC_FILE                          ; lpm_xor0.inc               ; --            ; --          ; --             ;
; MISC_FILE                          ; lpm_counter7.tdf           ; --            ; --          ; --             ;
; MISC_FILE                          ; lpm_counter7.bsf           ; --            ; --          ; --             ;
; MISC_FILE                          ; lpm_counter7.inc           ; --            ; --          ; --             ;
; PARTITION_COLOR                    ; 16764057                   ; --            ; --          ; Top            ;
; PARTITION_NETLIST_TYPE             ; SOURCE                     ; --            ; --          ; Top            ;
; USE_GENERATED_PHYSICAL_CONSTRAINTS ; Off                        ; --            ; --          ; eda_blast_fpga ;
+------------------------------------+----------------------------+---------------+-------------+----------------+


+-----------------------------------------------------------------------------------------------------------------------------+
; Flow Elapsed Time                                                                                                           ;
+-------------------------+--------------+-------------------------+---------------------+------------------------------------+
; Module Name             ; Elapsed Time ; Average Processors Used ; Peak Virtual Memory ; Total CPU Time (on all processors) ;
+-------------------------+--------------+-------------------------+---------------------+------------------------------------+
; Analysis & Synthesis    ; 00:00:05     ; 1.0                     ; 241 MB              ; 00:00:06                           ;
; Fitter                  ; 00:00:08     ; 1.0                     ; 272 MB              ; 00:00:09                           ;
; Assembler               ; 00:00:02     ; 1.0                     ; 243 MB              ; 00:00:02                           ;
; Classic Timing Analyzer ; 00:00:00     ; 1.0                     ; 177 MB              ; 00:00:01                           ;
; Total                   ; 00:00:15     ; --                      ; --                  ; 00:00:18                           ;
+-------------------------+--------------+-------------------------+---------------------+------------------------------------+


+------------------------------------------------------------------------------------------+
; Flow OS Summary                                                                          ;
+-------------------------+------------------+---------------+------------+----------------+
; Module Name             ; Machine Hostname ; OS Name       ; OS Version ; Processor type ;
+-------------------------+------------------+---------------+------------+----------------+
; Analysis & Synthesis    ; AsgenumPC        ; Windows Vista ; 6.2        ; x86_64         ;
; Fitter                  ; AsgenumPC        ; Windows Vista ; 6.2        ; x86_64         ;
; Assembler               ; AsgenumPC        ; Windows Vista ; 6.2        ; x86_64         ;
; Classic Timing Analyzer ; AsgenumPC        ; Windows Vista ; 6.2        ; x86_64         ;
+-------------------------+------------------+---------------+------------+----------------+


------------
; Flow Log ;
------------
quartus_map --read_settings_files=on --write_settings_files=off Cache -c Cache
quartus_fit --read_settings_files=off --write_settings_files=off Cache -c Cache
quartus_asm --read_settings_files=off --write_settings_files=off Cache -c Cache
quartus_tan --read_settings_files=off --write_settings_files=off Cache -c Cache --timing_analysis_only



